demus_android/app/build/outputs/logs/manifest-merger-release-report.txt
-- Merging decision tree log ---
manifest
ADDED from src/main/AndroidManifest.xml:2:1-139:12
INJECTED from src/main/AndroidManifest.xml:2:1-139:12
INJECTED from src/main/AndroidManifest.xml:2:1-139:12
INJECTED from src/main/AndroidManifest.xml:2:1-139:12
MERGED from [androidx.navigation:navigation-ui:2.1.0] AndroidManifest.xml:17:1-24:12
MERGED from [com.google.android.material:material:1.0.0] AndroidManifest.xml:17:1-24:12
MERGED from [co.paystack.android:paystack:3.0.9] AndroidManifest.xml:2:1-26:12
MERGED from [com.hbb20:gthumb:1.3] AndroidManifest.xml:2:1-19:12
MERGED from [co.paystack.android.design.widget:pinpad:1.0.1] AndroidManifest.xml:2:1-15:12
MERGED from [androidx.appcompat:appcompat:1.1.0] AndroidManifest.xml:17:1-24:12
MERGED from [androidx.constraintlayout:constraintlayout:1.1.3] AndroidManifest.xml:2:1-11:12
MERGED from [com.navercorp.pulltorefresh:library:3.2.0] AndroidManifest.xml:2:1-11:12
MERGED from [androidx.appcompat:appcompat-resources:1.1.0] AndroidManifest.xml:17:1-24:12
MERGED from [androidx.vectordrawable:vectordrawable-animated:1.1.0] AndroidManifest.xml:17:1-24:12
MERGED from [androidx.vectordrawable:vectordrawable:1.1.0] AndroidManifest.xml:17:1-24:12
MERGED from [androidx.navigation:navigation-fragment:2.1.0] AndroidManifest.xml:17:1-24:12
MERGED from [androidx.lifecycle:lifecycle-extensions:2.1.0] AndroidManifest.xml:17:1-25:12
MERGED from [com.onesignal:OneSignal:3.12.4] AndroidManifest.xml:2:1-106:12
MERGED from [com.google.firebase:firebase-messaging:17.3.3] AndroidManifest.xml:17:1-37:12
MERGED from [com.google.android.gms:play-services-location:15.0.1] AndroidManifest.xml:2:1-9:12
MERGED from [com.google.android.gms:play-services-ads-identifier:16.0.0] AndroidManifest.xml:17:1-24:12
MERGED from [com.google.firebase:firebase-iid:17.0.3] AndroidManifest.xml:17:1-59:12
MERGED from [com.google.firebase:firebase-common:16.0.3] AndroidManifest.xml:2:1-17:12
MERGED from [com.google.firebase:firebase-iid-interop:16.0.1] AndroidManifest.xml:2:1-10:12
MERGED from [com.google.android.gms:play-services-base:16.0.1] AndroidManifest.xml:17:1-29:12
MERGED from [com.google.android.gms:play-services-tasks:16.0.1] AndroidManifest.xml:2:1-9:12
MERGED from [com.google.firebase:firebase-measurement-connector:17.0.1] AndroidManifest.xml:17:1-25:12
MERGED from [com.google.android.gms:play-services-places-placereport:15.0.1] AndroidManifest.xml:17:1-24:12
MERGED from [com.google.android.gms:play-services-stats:16.0.1] AndroidManifest.xml:2:1-9:12
MERGED from [com.google.android.gms:play-services-basement:16.0.1] AndroidManifest.xml:17:1-28:12
MERGED from [androidx.legacy:legacy-support-v4:1.0.0] AndroidManifest.xml:17:1-22:12
MERGED from [de.hdodenhof:circleimageview:3.0.1] AndroidManifest.xml:2:1-11:12
MERGED from [androidx.multidex:multidex:2.0.0] AndroidManifest.xml:17:1-22:12
MERGED from [androidx.fragment:fragment:1.1.0] AndroidManifest.xml:17:1-24:12
MERGED from [androidx.recyclerview:recyclerview:1.0.0] AndroidManifest.xml:17:1-22:12
MERGED from [androidx.browser:browser:1.0.0] AndroidManifest.xml:17:1-22:12
MERGED from [androidx.legacy:legacy-support-core-ui:1.0.0] AndroidManifest.xml:17:1-22:12
MERGED from [androidx.drawerlayout:drawerlayout:1.0.0] AndroidManifest.xml:17:1-22:12
MERGED from [androidx.transition:transition:1.0.1] AndroidManifest.xml:17:1-22:12
MERGED from [androidx.media:media:1.0.0] AndroidManifest.xml:17:1-22:12
MERGED from [androidx.legacy:legacy-support-core-utils:1.0.0] AndroidManifest.xml:17:1-22:12
MERGED from [androidx.viewpager:viewpager:1.0.0] AndroidManifest.xml:17:1-22:12
MERGED from [androidx.loader:loader:1.0.0] AndroidManifest.xml:17:1-22:12
MERGED from [androidx.navigation:navigation-runtime:2.1.0] AndroidManifest.xml:17:1-24:12
MERGED from [androidx.activity:activity:1.0.0] AndroidManifest.xml:17:1-24:12
MERGED from [androidx.coordinatorlayout:coordinatorlayout:1.0.0] AndroidManifest.xml:17:1-22:12
MERGED from [androidx.slidingpanelayout:slidingpanelayout:1.0.0] AndroidManifest.xml:17:1-22:12
MERGED from [androidx.customview:customview:1.0.0] AndroidManifest.xml:17:1-22:12
MERGED from [androidx.navigation:navigation-common:2.1.0] AndroidManifest.xml:17:1-24:12
MERGED from [androidx.swiperefreshlayout:swiperefreshlayout:1.0.0] AndroidManifest.xml:17:1-22:12
MERGED from [androidx.asynclayoutinflater:asynclayoutinflater:1.0.0] AndroidManifest.xml:17:1-22:12
MERGED from [androidx.core:core:1.1.0] AndroidManifest.xml:17:1-26:12
MERGED from [androidx.cursoradapter:cursoradapter:1.0.0] AndroidManifest.xml:17:1-22:12
MERGED from [androidx.versionedparcelable:versionedparcelable:1.1.0] AndroidManifest.xml:17:1-27:12
MERGED from [androidx.lifecycle:lifecycle-process:2.1.0] AndroidManifest.xml:17:1-30:12
MERGED from [androidx.lifecycle:lifecycle-service:2.1.0] AndroidManifest.xml:17:1-22:12
MERGED from [androidx.lifecycle:lifecycle-runtime:2.1.0] AndroidManifest.xml:17:1-22:12
MERGED from [androidx.lifecycle:lifecycle-livedata:2.1.0] AndroidManifest.xml:17:1-22:12
MERGED from [androidx.lifecycle:lifecycle-livedata-core:2.1.0] AndroidManifest.xml:17:1-22:12
MERGED from [androidx.arch.core:core-runtime:2.1.0] AndroidManifest.xml:17:1-24:12
MERGED from [androidx.savedstate:savedstate:1.0.0] AndroidManifest.xml:17:1-24:12
MERGED from [androidx.lifecycle:lifecycle-viewmodel:2.1.0] AndroidManifest.xml:17:1-22:12
MERGED from [androidx.cardview:cardview:1.0.0] AndroidManifest.xml:17:1-22:12
MERGED from [androidx.documentfile:documentfile:1.0.0] AndroidManifest.xml:17:1-22:12
MERGED from [androidx.localbroadcastmanager:localbroadcastmanager:1.0.0] AndroidManifest.xml:17:1-22:12
MERGED from [androidx.print:print:1.0.0] AndroidManifest.xml:17:1-22:12
MERGED from [androidx.interpolator:interpolator:1.0.0] AndroidManifest.xml:17:1-22:12
INJECTED from src/main/AndroidManifest.xml:2:1-139:12
INJECTED from src/main/AndroidManifest.xml:2:1-139:12
INJECTED from src/main/AndroidManifest.xml:2:1-139:12
	package
		ADDED from src/main/AndroidManifest.xml:4:5-30
		INJECTED from src/main/AndroidManifest.xml
		INJECTED from src/main/AndroidManifest.xml
	android:versionName
		INJECTED from src/main/AndroidManifest.xml
		ADDED from src/main/AndroidManifest.xml:2:1-139:12
		INJECTED from src/main/AndroidManifest.xml
	xmlns:tools
		ADDED from src/main/AndroidManifest.xml:3:5-51
	android:versionCode
		INJECTED from src/main/AndroidManifest.xml
		ADDED from src/main/AndroidManifest.xml:2:1-139:12
		INJECTED from src/main/AndroidManifest.xml
	xmlns:android
		ADDED from src/main/AndroidManifest.xml:2:11-69
application
ADDED from src/main/AndroidManifest.xml:6:5-114:19
MERGED from [com.google.android.material:material:1.0.0] AndroidManifest.xml:22:5-20
MERGED from [com.google.android.material:material:1.0.0] AndroidManifest.xml:22:5-20
MERGED from [co.paystack.android:paystack:3.0.9] AndroidManifest.xml:11:5-24:19
MERGED from [co.paystack.android:paystack:3.0.9] AndroidManifest.xml:11:5-24:19
MERGED from [com.hbb20:gthumb:1.3] AndroidManifest.xml:13:5-17:19
MERGED from [com.hbb20:gthumb:1.3] AndroidManifest.xml:13:5-17:19
MERGED from [co.paystack.android.design.widget:pinpad:1.0.1] AndroidManifest.xml:13:5-20
MERGED from [co.paystack.android.design.widget:pinpad:1.0.1] AndroidManifest.xml:13:5-20
MERGED from [androidx.constraintlayout:constraintlayout:1.1.3] AndroidManifest.xml:9:5-20
MERGED from [androidx.constraintlayout:constraintlayout:1.1.3] AndroidManifest.xml:9:5-20
MERGED from [com.navercorp.pulltorefresh:library:3.2.0] AndroidManifest.xml:9:5-20
MERGED from [com.navercorp.pulltorefresh:library:3.2.0] AndroidManifest.xml:9:5-20
MERGED from [androidx.lifecycle:lifecycle-extensions:2.1.0] AndroidManifest.xml:22:5-23:19
MERGED from [androidx.lifecycle:lifecycle-extensions:2.1.0] AndroidManifest.xml:22:5-23:19
MERGED from [com.onesignal:OneSignal:3.12.4] AndroidManifest.xml:48:5-104:19
MERGED from [com.onesignal:OneSignal:3.12.4] AndroidManifest.xml:48:5-104:19
MERGED from [com.google.firebase:firebase-messaging:17.3.3] AndroidManifest.xml:22:5-35:19
MERGED from [com.google.firebase:firebase-messaging:17.3.3] AndroidManifest.xml:22:5-35:19
MERGED from [com.google.android.gms:play-services-location:15.0.1] AndroidManifest.xml:7:5-20
MERGED from [com.google.android.gms:play-services-location:15.0.1] AndroidManifest.xml:7:5-20
MERGED from [com.google.android.gms:play-services-ads-identifier:16.0.0] AndroidManifest.xml:22:5-20
MERGED from [com.google.android.gms:play-services-ads-identifier:16.0.0] AndroidManifest.xml:22:5-20
MERGED from [com.google.firebase:firebase-iid:17.0.3] AndroidManifest.xml:28:5-57:19
MERGED from [com.google.firebase:firebase-iid:17.0.3] AndroidManifest.xml:28:5-57:19
MERGED from [com.google.firebase:firebase-common:16.0.3] AndroidManifest.xml:9:5-15:19
MERGED from [com.google.firebase:firebase-common:16.0.3] AndroidManifest.xml:9:5-15:19
MERGED from [com.google.firebase:firebase-iid-interop:16.0.1] AndroidManifest.xml:7:5-8:19
MERGED from [com.google.firebase:firebase-iid-interop:16.0.1] AndroidManifest.xml:7:5-8:19
MERGED from [com.google.android.gms:play-services-base:16.0.1] AndroidManifest.xml:22:5-27:19
MERGED from [com.google.android.gms:play-services-base:16.0.1] AndroidManifest.xml:22:5-27:19
MERGED from [com.google.android.gms:play-services-tasks:16.0.1] AndroidManifest.xml:7:5-20
MERGED from [com.google.android.gms:play-services-tasks:16.0.1] AndroidManifest.xml:7:5-20
MERGED from [com.google.firebase:firebase-measurement-connector:17.0.1] AndroidManifest.xml:22:5-23:19
MERGED from [com.google.firebase:firebase-measurement-connector:17.0.1] AndroidManifest.xml:22:5-23:19
MERGED from [com.google.android.gms:play-services-places-placereport:15.0.1] AndroidManifest.xml:22:5-20
MERGED from [com.google.android.gms:play-services-places-placereport:15.0.1] AndroidManifest.xml:22:5-20
MERGED from [com.google.android.gms:play-services-stats:16.0.1] AndroidManifest.xml:7:5-20
MERGED from [com.google.android.gms:play-services-stats:16.0.1] AndroidManifest.xml:7:5-20
MERGED from [com.google.android.gms:play-services-basement:16.0.1] AndroidManifest.xml:22:5-26:19
MERGED from [com.google.android.gms:play-services-basement:16.0.1] AndroidManifest.xml:22:5-26:19
MERGED from [de.hdodenhof:circleimageview:3.0.1] AndroidManifest.xml:9:5-20
MERGED from [de.hdodenhof:circleimageview:3.0.1] AndroidManifest.xml:9:5-20
MERGED from [androidx.core:core:1.1.0] AndroidManifest.xml:24:5-89
MERGED from [androidx.core:core:1.1.0] AndroidManifest.xml:24:5-89
MERGED from [androidx.versionedparcelable:versionedparcelable:1.1.0] AndroidManifest.xml:24:5-25:19
MERGED from [androidx.versionedparcelable:versionedparcelable:1.1.0] AndroidManifest.xml:24:5-25:19
MERGED from [androidx.lifecycle:lifecycle-process:2.1.0] AndroidManifest.xml:22:5-28:19
MERGED from [androidx.lifecycle:lifecycle-process:2.1.0] AndroidManifest.xml:22:5-28:19
	android:appComponentFactory
		ADDED from [androidx.core:core:1.1.0] AndroidManifest.xml:24:18-86
	android:supportsRtl
		ADDED from [com.hbb20:gthumb:1.3] AndroidManifest.xml:16:9-35
	android:label
		ADDED from src/main/AndroidManifest.xml:10:9-41
	tools:ignore
		ADDED from src/main/AndroidManifest.xml:12:9-60
	android:icon
		ADDED from src/main/AndroidManifest.xml:9:9-44
	android:allowBackup
		ADDED from src/main/AndroidManifest.xml:8:9-35
	android:theme
		ADDED from src/main/AndroidManifest.xml:11:9-40
	android:name
		ADDED from src/main/AndroidManifest.xml:7:9-46
activity#com.demus.mayor.home.HomeActivity
ADDED from src/main/AndroidManifest.xml:14:9-18:59
	android:label
		ADDED from src/main/AndroidManifest.xml:18:13-56
	android:launchMode
		ADDED from src/main/AndroidManifest.xml:17:13-48
	android:windowSoftInputMode
		ADDED from src/main/AndroidManifest.xml:16:13-55
	android:name
		ADDED from src/main/AndroidManifest.xml:15:13-46
activity#com.demus.mayor.SplashScreenActivity
ADDED from src/main/AndroidManifest.xml:21:9-30:20
	android:screenOrientation
		ADDED from src/main/AndroidManifest.xml:23:13-49
	android:theme
		ADDED from src/main/AndroidManifest.xml:24:13-51
	android:name
		ADDED from src/main/AndroidManifest.xml:22:13-49
intent-filter#action:name:android.intent.action.MAIN+category:name:android.intent.category.LAUNCHER
ADDED from src/main/AndroidManifest.xml:25:13-29:29
action#android.intent.action.MAIN
ADDED from src/main/AndroidManifest.xml:26:17-69
	android:name
		ADDED from src/main/AndroidManifest.xml:26:25-66
category#android.intent.category.LAUNCHER
ADDED from src/main/AndroidManifest.xml:28:17-77
	android:name
		ADDED from src/main/AndroidManifest.xml:28:27-74
activity#com.demus.mayor.LoginActivity
ADDED from src/main/AndroidManifest.xml:32:9-40:20
	android:theme
		ADDED from src/main/AndroidManifest.xml:34:13-44
	android:name
		ADDED from src/main/AndroidManifest.xml:33:13-42
intent-filter#action:name:android.intent.action.MAIN+category:name:android.intent.category.DEFAULT
ADDED from src/main/AndroidManifest.xml:35:13-39:29
category#android.intent.category.DEFAULT
ADDED from src/main/AndroidManifest.xml:38:17-76
	android:name
		ADDED from src/main/AndroidManifest.xml:38:27-73
activity#com.demus.mayor.RegisterActivity
ADDED from src/main/AndroidManifest.xml:41:9-44:58
	android:windowSoftInputMode
		ADDED from src/main/AndroidManifest.xml:44:13-55
	android:theme
		ADDED from src/main/AndroidManifest.xml:43:13-44
	android:name
		ADDED from src/main/AndroidManifest.xml:42:13-45
activity#com.demus.mayor.PinResetActivity
ADDED from src/main/AndroidManifest.xml:45:9-47:47
	android:theme
		ADDED from src/main/AndroidManifest.xml:47:13-44
	android:name
		ADDED from src/main/AndroidManifest.xml:46:13-45
activity#com.demus.mayor.ContactActivity
ADDED from src/main/AndroidManifest.xml:48:9-50:47
	android:theme
		ADDED from src/main/AndroidManifest.xml:50:13-44
	android:name
		ADDED from src/main/AndroidManifest.xml:49:13-44
activity#com.demus.mayor.ManageAccountActivity
ADDED from src/main/AndroidManifest.xml:51:9-53:47
	android:theme
		ADDED from src/main/AndroidManifest.xml:53:13-44
	android:name
		ADDED from src/main/AndroidManifest.xml:52:13-50
activity#com.demus.mayor.ChangePinActivity
ADDED from src/main/AndroidManifest.xml:54:9-56:47
	android:theme
		ADDED from src/main/AndroidManifest.xml:56:13-44
	android:name
		ADDED from src/main/AndroidManifest.xml:55:13-46
activity#com.demus.mayor.PrimaryBankAccountActivity
ADDED from src/main/AndroidManifest.xml:57:9-59:47
	android:theme
		ADDED from src/main/AndroidManifest.xml:59:13-44
	android:name
		ADDED from src/main/AndroidManifest.xml:58:13-55
activity#com.demus.mayor.RecentTransactionsActivity
ADDED from src/main/AndroidManifest.xml:60:9-62:47
	android:theme
		ADDED from src/main/AndroidManifest.xml:62:13-44
	android:name
		ADDED from src/main/AndroidManifest.xml:61:13-55
activity#com.demus.mayor.BankAccountsActivity
ADDED from src/main/AndroidManifest.xml:63:9-65:47
	android:theme
		ADDED from src/main/AndroidManifest.xml:65:13-44
	android:name
		ADDED from src/main/AndroidManifest.xml:64:13-49
activity#com.demus.mayor.ChangePasswordActivity
ADDED from src/main/AndroidManifest.xml:66:9-68:47
	android:theme
		ADDED from src/main/AndroidManifest.xml:68:13-44
	android:name
		ADDED from src/main/AndroidManifest.xml:67:13-51
activity#com.demus.mayor.MainBrowserActivity
ADDED from src/main/AndroidManifest.xml:69:9-71:47
	android:theme
		ADDED from src/main/AndroidManifest.xml:71:13-44
	android:name
		ADDED from src/main/AndroidManifest.xml:70:13-48
activity#com.demus.mayor.TransactionFullViewActivity
ADDED from src/main/AndroidManifest.xml:72:9-74:47
	android:theme
		ADDED from src/main/AndroidManifest.xml:74:13-44
	android:name
		ADDED from src/main/AndroidManifest.xml:73:13-56
activity#com.demus.mayor.ConfirmTransactionActivity
ADDED from src/main/AndroidManifest.xml:75:9-77:47
	android:theme
		ADDED from src/main/AndroidManifest.xml:77:13-44
	android:name
		ADDED from src/main/AndroidManifest.xml:76:13-55
activity#com.demus.mayor.TermsOfServiceActivity
ADDED from src/main/AndroidManifest.xml:78:9-80:47
	android:theme
		ADDED from src/main/AndroidManifest.xml:80:13-44
	android:name
		ADDED from src/main/AndroidManifest.xml:79:13-51
activity#com.demus.mayor.ShareStockActivity
ADDED from src/main/AndroidManifest.xml:81:9-83:47
	android:theme
		ADDED from src/main/AndroidManifest.xml:83:13-44
	android:name
		ADDED from src/main/AndroidManifest.xml:82:13-47
activity#com.demus.mayor.NotificationStreamActivity
ADDED from src/main/AndroidManifest.xml:84:9-86:47
	android:theme
		ADDED from src/main/AndroidManifest.xml:86:13-44
	android:name
		ADDED from src/main/AndroidManifest.xml:85:13-55
activity#com.demus.mayor.InfoFullViewActivity
ADDED from src/main/AndroidManifest.xml:87:9-89:47
	android:theme
		ADDED from src/main/AndroidManifest.xml:89:13-44
	android:name
		ADDED from src/main/AndroidManifest.xml:88:13-49
activity#com.demus.mayor.ImageViewerActivity
ADDED from src/main/AndroidManifest.xml:90:9-92:47
	android:theme
		ADDED from src/main/AndroidManifest.xml:92:13-44
	android:name
		ADDED from src/main/AndroidManifest.xml:91:13-48
activity#com.demus.mayor.BrowserActivity
ADDED from src/main/AndroidManifest.xml:93:9-95:47
	android:theme
		ADDED from src/main/AndroidManifest.xml:95:13-44
	android:name
		ADDED from src/main/AndroidManifest.xml:94:13-44
activity#com.demus.mayor.ShowMessagePromptActivity
ADDED from src/main/AndroidManifest.xml:96:9-99:64
	android:screenOrientation
		ADDED from src/main/AndroidManifest.xml:98:13-49
	android:theme
		ADDED from src/main/AndroidManifest.xml:99:13-61
	android:name
		ADDED from src/main/AndroidManifest.xml:97:13-54
activity#com.demus.mayor.PayStackPromptActivity
ADDED from src/main/AndroidManifest.xml:100:9-103:52
	android:screenOrientation
		ADDED from src/main/AndroidManifest.xml:103:13-49
	android:theme
		ADDED from src/main/AndroidManifest.xml:102:13-44
	android:name
		ADDED from src/main/AndroidManifest.xml:101:13-51
meta-data#co.paystack.android.PublicKey
ADDED from src/main/AndroidManifest.xml:104:9-106:80
	android:value
		ADDED from src/main/AndroidManifest.xml:106:13-77
	android:name
		ADDED from src/main/AndroidManifest.xml:105:13-57
receiver#com.demus.mayor.utils.NotificationBroadcastReceiver
ADDED from src/main/AndroidManifest.xml:107:9-113:20
	android:exported
		ADDED from src/main/AndroidManifest.xml:109:13-37
	android:name
		ADDED from src/main/AndroidManifest.xml:108:13-64
intent-filter#action:name:com.onesignal.BackgroundBroadcast.RECEIVE
ADDED from src/main/AndroidManifest.xml:110:13-112:29
action#com.onesignal.BackgroundBroadcast.RECEIVE
ADDED from src/main/AndroidManifest.xml:111:17-84
	android:name
		ADDED from src/main/AndroidManifest.xml:111:25-81
uses-permission#android.permission.INTERNET
ADDED from src/main/AndroidManifest.xml:115:5-67
MERGED from [com.hbb20:gthumb:1.3] AndroidManifest.xml:11:5-67
MERGED from [com.hbb20:gthumb:1.3] AndroidManifest.xml:11:5-67
MERGED from [com.onesignal:OneSignal:3.12.4] AndroidManifest.xml:16:5-67
MERGED from [com.onesignal:OneSignal:3.12.4] AndroidManifest.xml:16:5-67
MERGED from [com.google.firebase:firebase-iid:17.0.3] AndroidManifest.xml:23:5-67
MERGED from [com.google.firebase:firebase-iid:17.0.3] AndroidManifest.xml:23:5-67
	android:name
		ADDED from src/main/AndroidManifest.xml:115:22-64
uses-permission#android.permission.WRITE_EXTERNAL_STORAGE
ADDED from src/main/AndroidManifest.xml:116:5-81
	android:name
		ADDED from src/main/AndroidManifest.xml:116:22-78
uses-permission#android.permission.WAKE_LOCK
ADDED from src/main/AndroidManifest.xml:117:5-68
MERGED from [com.onesignal:OneSignal:3.12.4] AndroidManifest.xml:18:5-68
MERGED from [com.onesignal:OneSignal:3.12.4] AndroidManifest.xml:18:5-68
MERGED from [com.google.firebase:firebase-iid:17.0.3] AndroidManifest.xml:24:5-68
MERGED from [com.google.firebase:firebase-iid:17.0.3] AndroidManifest.xml:24:5-68
	android:name
		ADDED from src/main/AndroidManifest.xml:117:22-65
uses-permission#android.permission.VIBRATE
ADDED from src/main/AndroidManifest.xml:118:5-66
MERGED from [co.paystack.android.design.widget:pinpad:1.0.1] AndroidManifest.xml:11:5-66
MERGED from [co.paystack.android.design.widget:pinpad:1.0.1] AndroidManifest.xml:11:5-66
MERGED from [com.onesignal:OneSignal:3.12.4] AndroidManifest.xml:23:5-66
MERGED from [com.onesignal:OneSignal:3.12.4] AndroidManifest.xml:23:5-66
	android:name
		ADDED from src/main/AndroidManifest.xml:118:22-63
uses-permission#android.permission.ACCESS_NETWORK_STATE
ADDED from src/main/AndroidManifest.xml:119:5-79
MERGED from [com.onesignal:OneSignal:3.12.4] AndroidManifest.xml:24:5-79
MERGED from [com.onesignal:OneSignal:3.12.4] AndroidManifest.xml:24:5-79
MERGED from [com.google.firebase:firebase-iid:17.0.3] AndroidManifest.xml:22:5-79
MERGED from [com.google.firebase:firebase-iid:17.0.3] AndroidManifest.xml:22:5-79
	android:name
		ADDED from src/main/AndroidManifest.xml:119:22-76
uses-permission#android.permission.CALL_PHONE
ADDED from src/main/AndroidManifest.xml:120:5-69
	android:name
		ADDED from src/main/AndroidManifest.xml:120:22-66
uses-permission#android.permission.READ_PROFILE
ADDED from src/main/AndroidManifest.xml:125:5-71
	android:name
		ADDED from src/main/AndroidManifest.xml:125:22-68
uses-permission#com.sec.android.provider.badge.permission.READ
ADDED from src/main/AndroidManifest.xml:126:5-86
MERGED from [com.onesignal:OneSignal:3.12.4] AndroidManifest.xml:31:5-86
MERGED from [com.onesignal:OneSignal:3.12.4] AndroidManifest.xml:31:5-86
	android:name
		ADDED from src/main/AndroidManifest.xml:126:22-83
uses-permission#com.sec.android.provider.badge.permission.WRITE
ADDED from src/main/AndroidManifest.xml:127:5-87
MERGED from [com.onesignal:OneSignal:3.12.4] AndroidManifest.xml:32:5-87
MERGED from [com.onesignal:OneSignal:3.12.4] AndroidManifest.xml:32:5-87
	android:name
		ADDED from src/main/AndroidManifest.xml:127:22-84
uses-permission#com.htc.launcher.permission.READ_SETTINGS
ADDED from src/main/AndroidManifest.xml:128:5-81
MERGED from [com.onesignal:OneSignal:3.12.4] AndroidManifest.xml:33:5-81
MERGED from [com.onesignal:OneSignal:3.12.4] AndroidManifest.xml:33:5-81
	android:name
		ADDED from src/main/AndroidManifest.xml:128:22-78
uses-permission#com.htc.launcher.permission.UPDATE_SHORTCUT
ADDED from src/main/AndroidManifest.xml:129:5-83
MERGED from [com.onesignal:OneSignal:3.12.4] AndroidManifest.xml:34:5-83
MERGED from [com.onesignal:OneSignal:3.12.4] AndroidManifest.xml:34:5-83
	android:name
		ADDED from src/main/AndroidManifest.xml:129:22-80
uses-permission#com.sonyericsson.home.permission.BROADCAST_BADGE
ADDED from src/main/AndroidManifest.xml:130:5-88
MERGED from [com.onesignal:OneSignal:3.12.4] AndroidManifest.xml:35:5-88
MERGED from [com.onesignal:OneSignal:3.12.4] AndroidManifest.xml:35:5-88
	android:name
		ADDED from src/main/AndroidManifest.xml:130:22-85
uses-permission#com.sonymobile.home.permission.PROVIDER_INSERT_BADGE
ADDED from src/main/AndroidManifest.xml:131:5-92
MERGED from [com.onesignal:OneSignal:3.12.4] AndroidManifest.xml:36:5-92
MERGED from [com.onesignal:OneSignal:3.12.4] AndroidManifest.xml:36:5-92
	android:name
		ADDED from src/main/AndroidManifest.xml:131:22-89
uses-permission#com.anddoes.launcher.permission.UPDATE_COUNT
ADDED from src/main/AndroidManifest.xml:132:5-84
MERGED from [com.onesignal:OneSignal:3.12.4] AndroidManifest.xml:37:5-84
MERGED from [com.onesignal:OneSignal:3.12.4] AndroidManifest.xml:37:5-84
	android:name
		ADDED from src/main/AndroidManifest.xml:132:22-81
uses-permission#com.majeur.launcher.permission.UPDATE_BADGE
ADDED from src/main/AndroidManifest.xml:133:5-83
MERGED from [com.onesignal:OneSignal:3.12.4] AndroidManifest.xml:38:5-83
MERGED from [com.onesignal:OneSignal:3.12.4] AndroidManifest.xml:38:5-83
	android:name
		ADDED from src/main/AndroidManifest.xml:133:22-80
uses-permission#com.huawei.android.launcher.permission.CHANGE_BADGE
ADDED from src/main/AndroidManifest.xml:134:5-91
MERGED from [com.onesignal:OneSignal:3.12.4] AndroidManifest.xml:39:5-91
MERGED from [com.onesignal:OneSignal:3.12.4] AndroidManifest.xml:39:5-91
	android:name
		ADDED from src/main/AndroidManifest.xml:134:22-88
uses-permission#com.huawei.android.launcher.permission.READ_SETTINGS
ADDED from src/main/AndroidManifest.xml:135:5-92
MERGED from [com.onesignal:OneSignal:3.12.4] AndroidManifest.xml:40:5-92
MERGED from [com.onesignal:OneSignal:3.12.4] AndroidManifest.xml:40:5-92
	android:name
		ADDED from src/main/AndroidManifest.xml:135:22-89
uses-permission#com.huawei.android.launcher.permission.WRITE_SETTINGS
ADDED from src/main/AndroidManifest.xml:137:5-93
MERGED from [com.onesignal:OneSignal:3.12.4] AndroidManifest.xml:41:5-93
MERGED from [com.onesignal:OneSignal:3.12.4] AndroidManifest.xml:41:5-93
	android:name
		ADDED from src/main/AndroidManifest.xml:137:22-90
uses-sdk
INJECTED from src/main/AndroidManifest.xml reason: use-sdk injection requested
INJECTED from src/main/AndroidManifest.xml
INJECTED from src/main/AndroidManifest.xml
MERGED from [androidx.navigation:navigation-ui:2.1.0] AndroidManifest.xml:20:5-22:41
MERGED from [androidx.navigation:navigation-ui:2.1.0] AndroidManifest.xml:20:5-22:41
MERGED from [com.google.android.material:material:1.0.0] AndroidManifest.xml:20:5-44
MERGED from [com.google.android.material:material:1.0.0] AndroidManifest.xml:20:5-44
MERGED from [co.paystack.android:paystack:3.0.9] AndroidManifest.xml:7:5-9:41
MERGED from [co.paystack.android:paystack:3.0.9] AndroidManifest.xml:7:5-9:41
MERGED from [com.hbb20:gthumb:1.3] AndroidManifest.xml:7:5-9:41
MERGED from [com.hbb20:gthumb:1.3] AndroidManifest.xml:7:5-9:41
MERGED from [co.paystack.android.design.widget:pinpad:1.0.1] AndroidManifest.xml:7:5-9:41
MERGED from [co.paystack.android.design.widget:pinpad:1.0.1] AndroidManifest.xml:7:5-9:41
MERGED from [androidx.appcompat:appcompat:1.1.0] AndroidManifest.xml:20:5-22:41
MERGED from [androidx.appcompat:appcompat:1.1.0] AndroidManifest.xml:20:5-22:41
MERGED from [androidx.constraintlayout:constraintlayout:1.1.3] AndroidManifest.xml:5:5-7:41
MERGED from [androidx.constraintlayout:constraintlayout:1.1.3] AndroidManifest.xml:5:5-7:41
MERGED from [com.navercorp.pulltorefresh:library:3.2.0] AndroidManifest.xml:7:5-43
MERGED from [com.navercorp.pulltorefresh:library:3.2.0] AndroidManifest.xml:7:5-43
MERGED from [androidx.appcompat:appcompat-resources:1.1.0] AndroidManifest.xml:20:5-22:41
MERGED from [androidx.appcompat:appcompat-resources:1.1.0] AndroidManifest.xml:20:5-22:41
MERGED from [androidx.vectordrawable:vectordrawable-animated:1.1.0] AndroidManifest.xml:20:5-22:41
MERGED from [androidx.vectordrawable:vectordrawable-animated:1.1.0] AndroidManifest.xml:20:5-22:41
MERGED from [androidx.vectordrawable:vectordrawable:1.1.0] AndroidManifest.xml:20:5-22:41
MERGED from [androidx.vectordrawable:vectordrawable:1.1.0] AndroidManifest.xml:20:5-22:41
MERGED from [androidx.navigation:navigation-fragment:2.1.0] AndroidManifest.xml:20:5-22:41
MERGED from [androidx.navigation:navigation-fragment:2.1.0] AndroidManifest.xml:20:5-22:41
MERGED from [androidx.lifecycle:lifecycle-extensions:2.1.0] AndroidManifest.xml:20:5-44
MERGED from [androidx.lifecycle:lifecycle-extensions:2.1.0] AndroidManifest.xml:20:5-44
MERGED from [com.onesignal:OneSignal:3.12.4] AndroidManifest.xml:4:5-44
MERGED from [com.onesignal:OneSignal:3.12.4] AndroidManifest.xml:4:5-44
MERGED from [com.google.firebase:firebase-messaging:17.3.3] AndroidManifest.xml:20:5-44
MERGED from [com.google.firebase:firebase-messaging:17.3.3] AndroidManifest.xml:20:5-44
MERGED from [com.google.android.gms:play-services-location:15.0.1] AndroidManifest.xml:5:5-44
MERGED from [com.google.android.gms:play-services-location:15.0.1] AndroidManifest.xml:5:5-44
MERGED from [com.google.android.gms:play-services-ads-identifier:16.0.0] AndroidManifest.xml:20:5-44
MERGED from [com.google.android.gms:play-services-ads-identifier:16.0.0] AndroidManifest.xml:20:5-44
MERGED from [com.google.firebase:firebase-iid:17.0.3] AndroidManifest.xml:20:5-44
MERGED from [com.google.firebase:firebase-iid:17.0.3] AndroidManifest.xml:20:5-44
MERGED from [com.google.firebase:firebase-common:16.0.3] AndroidManifest.xml:5:5-7:41
MERGED from [com.google.firebase:firebase-common:16.0.3] AndroidManifest.xml:5:5-7:41
MERGED from [com.google.firebase:firebase-iid-interop:16.0.1] AndroidManifest.xml:5:5-44
MERGED from [com.google.firebase:firebase-iid-interop:16.0.1] AndroidManifest.xml:5:5-44
MERGED from [com.google.android.gms:play-services-base:16.0.1] AndroidManifest.xml:20:5-44
MERGED from [com.google.android.gms:play-services-base:16.0.1] AndroidManifest.xml:20:5-44
MERGED from [com.google.android.gms:play-services-tasks:16.0.1] AndroidManifest.xml:5:5-44
MERGED from [com.google.android.gms:play-services-tasks:16.0.1] AndroidManifest.xml:5:5-44
MERGED from [com.google.firebase:firebase-measurement-connector:17.0.1] AndroidManifest.xml:20:5-44
MERGED from [com.google.firebase:firebase-measurement-connector:17.0.1] AndroidManifest.xml:20:5-44
MERGED from [com.google.android.gms:play-services-places-placereport:15.0.1] AndroidManifest.xml:20:5-44
MERGED from [com.google.android.gms:play-services-places-placereport:15.0.1] AndroidManifest.xml:20:5-44
MERGED from [com.google.android.gms:play-services-stats:16.0.1] AndroidManifest.xml:5:5-44
MERGED from [com.google.android.gms:play-services-stats:16.0.1] AndroidManifest.xml:5:5-44
MERGED from [com.google.android.gms:play-services-basement:16.0.1] AndroidManifest.xml:20:5-44
MERGED from [com.google.android.gms:play-services-basement:16.0.1] AndroidManifest.xml:20:5-44
MERGED from [androidx.legacy:legacy-support-v4:1.0.0] AndroidManifest.xml:20:5-44
MERGED from [androidx.legacy:legacy-support-v4:1.0.0] AndroidManifest.xml:20:5-44
MERGED from [de.hdodenhof:circleimageview:3.0.1] AndroidManifest.xml:5:5-7:41
MERGED from [de.hdodenhof:circleimageview:3.0.1] AndroidManifest.xml:5:5-7:41
MERGED from [androidx.multidex:multidex:2.0.0] AndroidManifest.xml:20:5-43